
% Table created by stargazer v.5.2 by Marek Hlavac, Harvard University. E-mail: hlavac at fas.harvard.edu
% Date and time: Lun, Apr 18, 2016 - 10:12:32
\begin{table}[!htbp] \centering 
  \caption{General data summary} 
  \label{labels1} 
\begin{tabular}{@{\extracolsep{5pt}}lccccc} 
\\[-1.8ex]\hline 
\hline \\[-1.8ex] 
Statistic & \multicolumn{1}{c}{N} & \multicolumn{1}{c}{Mean} & \multicolumn{1}{c}{St. Dev.} & \multicolumn{1}{c}{Min} & \multicolumn{1}{c}{Max} \\ 
\hline \\[-1.8ex] 
gdp.per.capita & 20 & 52,145.5 & 13,146.2 & 36,524.7 & 72,711.4 \\ 
inequality & 20 & 6.1 & 1.3 & 3.9 & 7.8 \\ 
cars & 20 & 466,148.3 & 97,290.5 & 342,245 & 607,292 \\ 
rentalcars & 20 & 10,097.0 & 3,881.3 & 5,144 & 18,847 \\ 
taxis & 20 & 21,958.7 & 4,201.0 & 16,517 & 28,736 \\ 
buses & 20 & 13,993.9 & 2,302.3 & 10,723 & 17,554 \\ 
motorbikes & 20 & 138,985.9 & 6,435.2 & 129,587 & 148,160 \\ 
other & 20 & 146,548.7 & 10,180.8 & 134,756 & 161,698 \\ 
bus.u & 20 & 3,159.9 & 254.5 & 2,779 & 3,751 \\ 
mrt.u & 20 & 1,504.2 & 635.1 & 740 & 2,762 \\ 
top & 20 & 174,881.0 & 38,176.0 & 113,402.5 & 235,450.0 \\ 
bottom & 20 & 29,022.2 & 2,851.4 & 22,602.4 & 34,043.3 \\ 
lrt.u & 20 & 62.8 & 45.0 & 0 & 137 \\ 
\hline \\[-1.8ex] 
\end{tabular} 
\end{table} 
